<?xml version="1.0" encoding="UTF-8"?>
<testng-results total="9" passed="9" failed="0" skipped="0">
  <reporter-output>
  </reporter-output>
  <suite started-at="2019-02-28T02:05:20Z" name="Suite" finished-at="2019-02-28T02:05:34Z" duration-ms="14313">
    <groups>
    </groups>
    <test started-at="2019-02-28T02:05:20Z" name="Test" finished-at="2019-02-28T02:05:34Z" duration-ms="14313">
      <class name="pack1.FacebookWithTestNG">
        <test-method is-config="true" signature="openBrowser()[pri:0, instance:pack1.FacebookWithTestNG@3d680b5a]" started-at="2019-02-27T21:05:20Z" name="openBrowser" finished-at="2019-02-27T21:05:27Z" duration-ms="7497" status="PASS">
          <reporter-output>
          </reporter-output>
        </test-method> <!-- openBrowser -->
        <test-method signature="EnterLastName()[pri:1, instance:pack1.FacebookWithTestNG@3d680b5a]" started-at="2019-02-27T21:05:27Z" name="EnterLastName" finished-at="2019-02-27T21:05:27Z" duration-ms="153" status="PASS">
          <reporter-output>
          </reporter-output>
        </test-method> <!-- EnterLastName -->
        <test-method signature="EnterFirstName()[pri:2, instance:pack1.FacebookWithTestNG@3d680b5a]" started-at="2019-02-27T21:05:27Z" name="EnterFirstName" finished-at="2019-02-27T21:05:27Z" duration-ms="148" status="PASS">
          <reporter-output>
          </reporter-output>
        </test-method> <!-- EnterFirstName -->
        <test-method signature="EnterEmail()[pri:3, instance:pack1.FacebookWithTestNG@3d680b5a]" started-at="2019-02-27T21:05:27Z" name="EnterEmail" finished-at="2019-02-27T21:05:28Z" duration-ms="238" status="PASS">
          <reporter-output>
          </reporter-output>
        </test-method> <!-- EnterEmail -->
        <test-method signature="EnterAEmail()[pri:4, instance:pack1.FacebookWithTestNG@3d680b5a]" started-at="2019-02-27T21:05:28Z" name="EnterAEmail" finished-at="2019-02-27T21:05:28Z" duration-ms="197" status="PASS">
          <reporter-output>
          </reporter-output>
        </test-method> <!-- EnterAEmail -->
        <test-method signature="EnterPassword()[pri:5, instance:pack1.FacebookWithTestNG@3d680b5a]" started-at="2019-02-27T21:05:28Z" name="EnterPassword" finished-at="2019-02-27T21:05:28Z" duration-ms="135" status="PASS">
          <reporter-output>
          </reporter-output>
        </test-method> <!-- EnterPassword -->
        <test-method signature="SelectMonth()[pri:6, instance:pack1.FacebookWithTestNG@3d680b5a]" started-at="2019-02-27T21:05:28Z" name="SelectMonth" finished-at="2019-02-27T21:05:28Z" duration-ms="205" status="PASS">
          <reporter-output>
          </reporter-output>
        </test-method> <!-- SelectMonth -->
        <test-method signature="SelectDay()[pri:7, instance:pack1.FacebookWithTestNG@3d680b5a]" started-at="2019-02-27T21:05:28Z" name="SelectDay" finished-at="2019-02-27T21:05:28Z" duration-ms="147" status="PASS">
          <reporter-output>
          </reporter-output>
        </test-method> <!-- SelectDay -->
        <test-method signature="SelectYesr()[pri:8, instance:pack1.FacebookWithTestNG@3d680b5a]" started-at="2019-02-27T21:05:28Z" name="SelectYesr" finished-at="2019-02-27T21:05:32Z" duration-ms="3150" status="PASS">
          <reporter-output>
          </reporter-output>
        </test-method> <!-- SelectYesr -->
        <test-method signature="ClickOnMale()[pri:9, instance:pack1.FacebookWithTestNG@3d680b5a]" started-at="2019-02-27T21:05:32Z" name="ClickOnMale" finished-at="2019-02-27T21:05:32Z" duration-ms="121" status="PASS">
          <reporter-output>
          </reporter-output>
        </test-method> <!-- ClickOnMale -->
        <test-method is-config="true" signature="CloseBrowser()[pri:0, instance:pack1.FacebookWithTestNG@3d680b5a]" started-at="2019-02-27T21:05:32Z" name="CloseBrowser" finished-at="2019-02-27T21:05:34Z" duration-ms="2310" status="PASS">
          <reporter-output>
          </reporter-output>
        </test-method> <!-- CloseBrowser -->
      </class> <!-- pack1.FacebookWithTestNG -->
    </test> <!-- Test -->
  </suite> <!-- Suite -->
</testng-results>
