<?xml version="1.0" encoding="UTF-8"?>
<!-- Generated by org.testng.reporters.JUnitXMLReporter -->
<testsuite hostname="DESKTOP-C61U6HK" failures="0" tests="9" name="Default test" time="14.666" errors="0" timestamp="23 Feb 2019 00:17:36 GMT">
  <testcase classname="pack1.FacebookWithTestNG" name="EnterLastName" time="0.182"/>
  <testcase classname="pack1.FacebookWithTestNG" name="EnterFirstName" time="0.195"/>
  <testcase classname="pack1.FacebookWithTestNG" name="EnterEmail" time="0.262"/>
  <testcase classname="pack1.FacebookWithTestNG" name="EnterAEmail" time="0.355"/>
  <testcase classname="pack1.FacebookWithTestNG" name="EnterPassword" time="0.147"/>
  <testcase classname="pack1.FacebookWithTestNG" name="SelectMonth" time="0.175"/>
  <testcase classname="pack1.FacebookWithTestNG" name="SelectDay" time="0.113"/>
  <testcase classname="pack1.FacebookWithTestNG" name="SelectYesr" time="3.104"/>
  <testcase classname="pack1.FacebookWithTestNG" name="ClickOnMale" time="0.244"/>
</testsuite> <!-- Default test -->
